<?xml version="1.0" encoding="UTF-8"?>
<!-- Generated by org.testng.reporters.JUnitXMLReporter -->
<testsuite hostname="ITL2L0F273" ignored="0" name="C:/Users/MIgwe/Documents/MyStuffs/My_Intellj_Projects/Appium_Project/src/test/java/android" tests="1" failures="1" timestamp="2021-08-23T11:53:15 CAT" time="16.597" errors="0">
  <testcase name="testNG_Test" time="0.0" classname="android.hybrid_apps.apiDemos.App_Test">
    <failure type="org.testng.TestNGException" message="
Some DataProvider public java.lang.Object[][] android.hybrid_apps.apiDemos.App_Test.passData(java.lang.Object) throws java.io.IOException,org.json.simple.parser.ParseException parameters unresolved:  at 0 type class java.lang.Object
">
      <![CDATA[org.testng.TestNGException: 
Some DataProvider public java.lang.Object[][] android.hybrid_apps.apiDemos.App_Test.passData(java.lang.Object) throws java.io.IOException,org.json.simple.parser.ParseException parameters unresolved:  at 0 type class java.lang.Object

at org.testng.internal.MethodInvocationHelper.getParameters(MethodInvocationHelper.java:220)
at org.testng.internal.MethodInvocationHelper.invokeDataProvider(MethodInvocationHelper.java:145)
at org.testng.internal.Parameters.handleParameters(Parameters.java:798)
at org.testng.internal.Parameters.handleParameters(Parameters.java:740)
at org.testng.internal.ParameterHandler.handleParameters(ParameterHandler.java:59)
at org.testng.internal.ParameterHandler.createParameters(ParameterHandler.java:38)
at org.testng.internal.TestInvoker$MethodInvocationAgent.invoke(TestInvoker.java:791)
at org.testng.internal.TestInvoker.invokeTestMethods(TestInvoker.java:146)
at org.testng.internal.TestMethodWorker.invokeTestMethods(TestMethodWorker.java:146)
at org.testng.internal.TestMethodWorker.run(TestMethodWorker.java:128)
at java.util.ArrayList.forEach(ArrayList.java:1259)
at org.testng.TestRunner.privateRun(TestRunner.java:794)
at org.testng.TestRunner.run(TestRunner.java:596)
at org.testng.SuiteRunner.runTest(SuiteRunner.java:377)
at org.testng.SuiteRunner.runSequentially(SuiteRunner.java:371)
at org.testng.SuiteRunner.privateRun(SuiteRunner.java:332)
at org.testng.SuiteRunner.run(SuiteRunner.java:276)
at org.testng.SuiteRunnerWorker.runSuite(SuiteRunnerWorker.java:53)
at org.testng.SuiteRunnerWorker.run(SuiteRunnerWorker.java:96)
at org.testng.TestNG.runSuitesSequentially(TestNG.java:1212)
at org.testng.TestNG.runSuitesLocally(TestNG.java:1134)
at org.testng.TestNG.runSuites(TestNG.java:1063)
at org.testng.TestNG.run(TestNG.java:1031)
at org.apache.maven.surefire.testng.TestNGExecutor.run(TestNGExecutor.java:283)
at org.apache.maven.surefire.testng.TestNGXmlTestSuite.execute(TestNGXmlTestSuite.java:75)
at org.apache.maven.surefire.testng.TestNGProvider.invoke(TestNGProvider.java:120)
at org.apache.maven.surefire.booter.ForkedBooter.invokeProviderInSameClassLoader(ForkedBooter.java:384)
at org.apache.maven.surefire.booter.ForkedBooter.runSuitesInProcess(ForkedBooter.java:345)
at org.apache.maven.surefire.booter.ForkedBooter.execute(ForkedBooter.java:126)
at org.apache.maven.surefire.booter.ForkedBooter.main(ForkedBooter.java:418)
]]>
    </failure>
  </testcase> <!-- testNG_Test -->
</testsuite> <!-- C:/Users/MIgwe/Documents/MyStuffs/My_Intellj_Projects/Appium_Project/src/test/java/android -->
